Starting GLFW
3.3.8 Win32 WGL EGL OSMesa VisualC
GL Context Params:
GL_MAX_COMBINED_TEXTURE_IMAGE_UNITS 160
GL_MAX_CUBE_MAP_TEXTURE_SIZE 16384
GL_MAX_DRAW_BUFFERS 8
GL_MAX_FRAGMENT_UNIFORM_COMPONENTS 4000
GL_MAX_TEXTURE_IMAGE_UNITS 32
GL_MAX_TEXTURE_SIZE 16384
GL_MAX_VARYING_FLOATS 64
GL_MAX_VERTEX_ATTRIBS 32
GL_MAX_VERTEX_TEXTURE_IMAGE_UNITS 32
GL_MAX_VERTEX_UNIFORM_COMPONENTS 4000
GL_MAX_VIEWPORT_DIMS 16384 16384
GL_STEREO 0
-----------------------------
Starting GLFW
3.3.8 Win32 WGL EGL OSMesa VisualC
GL Context Params:
GL_MAX_COMBINED_TEXTURE_IMAGE_UNITS 160
GL_MAX_CUBE_MAP_TEXTURE_SIZE 16384
GL_MAX_DRAW_BUFFERS 8
GL_MAX_FRAGMENT_UNIFORM_COMPONENTS 4000
GL_MAX_TEXTURE_IMAGE_UNITS 32
GL_MAX_TEXTURE_SIZE 16384
GL_MAX_VARYING_FLOATS 64
GL_MAX_VERTEX_ATTRIBS 32
GL_MAX_VERTEX_TEXTURE_IMAGE_UNITS 32
GL_MAX_VERTEX_UNIFORM_COMPONENTS 4000
GL_MAX_VIEWPORT_DIMS 16384 16384
GL_STEREO 0
-----------------------------
Starting GLFW
3.3.8 Win32 WGL EGL OSMesa VisualC
GL Context Params:
GL_MAX_COMBINED_TEXTURE_IMAGE_UNITS 160
GL_MAX_CUBE_MAP_TEXTURE_SIZE 16384
GL_MAX_DRAW_BUFFERS 8
GL_MAX_FRAGMENT_UNIFORM_COMPONENTS 4000
GL_MAX_TEXTURE_IMAGE_UNITS 32
GL_MAX_TEXTURE_SIZE 16384
GL_MAX_VARYING_FLOATS 64
GL_MAX_VERTEX_ATTRIBS 32
GL_MAX_VERTEX_TEXTURE_IMAGE_UNITS 32
GL_MAX_VERTEX_UNIFORM_COMPONENTS 4000
GL_MAX_VIEWPORT_DIMS 16384 16384
GL_STEREO 0
-----------------------------
Starting GLFW
3.3.8 Win32 WGL EGL OSMesa VisualC
GL Context Params:
GL_MAX_COMBINED_TEXTURE_IMAGE_UNITS 160
GL_MAX_CUBE_MAP_TEXTURE_SIZE 16384
GL_MAX_DRAW_BUFFERS 8
GL_MAX_FRAGMENT_UNIFORM_COMPONENTS 4000
GL_MAX_TEXTURE_IMAGE_UNITS 32
GL_MAX_TEXTURE_SIZE 16384
GL_MAX_VARYING_FLOATS 64
GL_MAX_VERTEX_ATTRIBS 32
GL_MAX_VERTEX_TEXTURE_IMAGE_UNITS 32
GL_MAX_VERTEX_UNIFORM_COMPONENTS 4000
GL_MAX_VIEWPORT_DIMS 16384 16384
GL_STEREO 0
-----------------------------
Starting GLFW
3.3.8 Win32 WGL EGL OSMesa VisualC
GL Context Params:
GL_MAX_COMBINED_TEXTURE_IMAGE_UNITS 160
GL_MAX_CUBE_MAP_TEXTURE_SIZE 16384
GL_MAX_DRAW_BUFFERS 8
GL_MAX_FRAGMENT_UNIFORM_COMPONENTS 4000
GL_MAX_TEXTURE_IMAGE_UNITS 32
GL_MAX_TEXTURE_SIZE 16384
GL_MAX_VARYING_FLOATS 64
GL_MAX_VERTEX_ATTRIBS 32
GL_MAX_VERTEX_TEXTURE_IMAGE_UNITS 32
GL_MAX_VERTEX_UNIFORM_COMPONENTS 4000
GL_MAX_VIEWPORT_DIMS 16384 16384
GL_STEREO 0
-----------------------------
Starting GLFW
3.3.8 Win32 WGL EGL OSMesa VisualC
GL Context Params:
GL_MAX_COMBINED_TEXTURE_IMAGE_UNITS 160
GL_MAX_CUBE_MAP_TEXTURE_SIZE 16384
GL_MAX_DRAW_BUFFERS 8
GL_MAX_FRAGMENT_UNIFORM_COMPONENTS 4000
GL_MAX_TEXTURE_IMAGE_UNITS 32
GL_MAX_TEXTURE_SIZE 16384
GL_MAX_VARYING_FLOATS 64
GL_MAX_VERTEX_ATTRIBS 32
GL_MAX_VERTEX_TEXTURE_IMAGE_UNITS 32
GL_MAX_VERTEX_UNIFORM_COMPONENTS 4000
GL_MAX_VIEWPORT_DIMS 16384 16384
GL_STEREO 0
-----------------------------
Starting GLFW
3.3.8 Win32 WGL EGL OSMesa VisualC
GL Context Params:
GL_MAX_COMBINED_TEXTURE_IMAGE_UNITS 160
GL_MAX_CUBE_MAP_TEXTURE_SIZE 16384
GL_MAX_DRAW_BUFFERS 8
GL_MAX_FRAGMENT_UNIFORM_COMPONENTS 4000
GL_MAX_TEXTURE_IMAGE_UNITS 32
GL_MAX_TEXTURE_SIZE 16384
GL_MAX_VARYING_FLOATS 64
GL_MAX_VERTEX_ATTRIBS 32
GL_MAX_VERTEX_TEXTURE_IMAGE_UNITS 32
GL_MAX_VERTEX_UNIFORM_COMPONENTS 4000
GL_MAX_VIEWPORT_DIMS 16384 16384
GL_STEREO 0
-----------------------------
Starting GLFW
3.3.8 Win32 WGL EGL OSMesa VisualC
GL Context Params:
GL_MAX_COMBINED_TEXTURE_IMAGE_UNITS 160
GL_MAX_CUBE_MAP_TEXTURE_SIZE 16384
GL_MAX_DRAW_BUFFERS 8
GL_MAX_FRAGMENT_UNIFORM_COMPONENTS 4000
GL_MAX_TEXTURE_IMAGE_UNITS 32
GL_MAX_TEXTURE_SIZE 16384
GL_MAX_VARYING_FLOATS 64
GL_MAX_VERTEX_ATTRIBS 32
GL_MAX_VERTEX_TEXTURE_IMAGE_UNITS 32
GL_MAX_VERTEX_UNIFORM_COMPONENTS 4000
GL_MAX_VIEWPORT_DIMS 16384 16384
GL_STEREO 0
-----------------------------
Starting GLFW
3.3.8 Win32 WGL EGL OSMesa VisualC
GL Context Params:
GL_MAX_COMBINED_TEXTURE_IMAGE_UNITS 160
GL_MAX_CUBE_MAP_TEXTURE_SIZE 16384
GL_MAX_DRAW_BUFFERS 8
GL_MAX_FRAGMENT_UNIFORM_COMPONENTS 4000
GL_MAX_TEXTURE_IMAGE_UNITS 32
GL_MAX_TEXTURE_SIZE 16384
GL_MAX_VARYING_FLOATS 64
GL_MAX_VERTEX_ATTRIBS 32
GL_MAX_VERTEX_TEXTURE_IMAGE_UNITS 32
GL_MAX_VERTEX_UNIFORM_COMPONENTS 4000
GL_MAX_VIEWPORT_DIMS 16384 16384
GL_STEREO 0
-----------------------------
Starting GLFW
3.3.8 Win32 WGL EGL OSMesa VisualC
GL Context Params:
GL_MAX_COMBINED_TEXTURE_IMAGE_UNITS 160
GL_MAX_CUBE_MAP_TEXTURE_SIZE 16384
GL_MAX_DRAW_BUFFERS 8
GL_MAX_FRAGMENT_UNIFORM_COMPONENTS 4000
GL_MAX_TEXTURE_IMAGE_UNITS 32
GL_MAX_TEXTURE_SIZE 16384
GL_MAX_VARYING_FLOATS 64
GL_MAX_VERTEX_ATTRIBS 32
GL_MAX_VERTEX_TEXTURE_IMAGE_UNITS 32
GL_MAX_VERTEX_UNIFORM_COMPONENTS 4000
GL_MAX_VIEWPORT_DIMS 16384 16384
GL_STEREO 0
-----------------------------
Starting GLFW
3.3.8 Win32 WGL EGL OSMesa VisualC
GL Context Params:
GL_MAX_COMBINED_TEXTURE_IMAGE_UNITS 160
GL_MAX_CUBE_MAP_TEXTURE_SIZE 16384
GL_MAX_DRAW_BUFFERS 8
GL_MAX_FRAGMENT_UNIFORM_COMPONENTS 4000
GL_MAX_TEXTURE_IMAGE_UNITS 32
GL_MAX_TEXTURE_SIZE 16384
GL_MAX_VARYING_FLOATS 64
GL_MAX_VERTEX_ATTRIBS 32
GL_MAX_VERTEX_TEXTURE_IMAGE_UNITS 32
GL_MAX_VERTEX_UNIFORM_COMPONENTS 4000
GL_MAX_VIEWPORT_DIMS 16384 16384
GL_STEREO 0
-----------------------------
Starting GLFW
3.3.8 Win32 WGL EGL OSMesa VisualC
GL Context Params:
GL_MAX_COMBINED_TEXTURE_IMAGE_UNITS 160
GL_MAX_CUBE_MAP_TEXTURE_SIZE 16384
GL_MAX_DRAW_BUFFERS 8
GL_MAX_FRAGMENT_UNIFORM_COMPONENTS 4000
GL_MAX_TEXTURE_IMAGE_UNITS 32
GL_MAX_TEXTURE_SIZE 16384
GL_MAX_VARYING_FLOATS 64
GL_MAX_VERTEX_ATTRIBS 32
GL_MAX_VERTEX_TEXTURE_IMAGE_UNITS 32
GL_MAX_VERTEX_UNIFORM_COMPONENTS 4000
GL_MAX_VIEWPORT_DIMS 16384 16384
GL_STEREO 0
-----------------------------
Starting GLFW
3.3.8 Win32 WGL EGL OSMesa VisualC
GL Context Params:
GL_MAX_COMBINED_TEXTURE_IMAGE_UNITS 160
GL_MAX_CUBE_MAP_TEXTURE_SIZE 16384
GL_MAX_DRAW_BUFFERS 8
GL_MAX_FRAGMENT_UNIFORM_COMPONENTS 4000
GL_MAX_TEXTURE_IMAGE_UNITS 32
GL_MAX_TEXTURE_SIZE 16384
GL_MAX_VARYING_FLOATS 64
GL_MAX_VERTEX_ATTRIBS 32
GL_MAX_VERTEX_TEXTURE_IMAGE_UNITS 32
GL_MAX_VERTEX_UNIFORM_COMPONENTS 4000
GL_MAX_VIEWPORT_DIMS 16384 16384
GL_STEREO 0
-----------------------------
Starting GLFW
3.3.8 Win32 WGL EGL OSMesa VisualC
GL Context Params:
GL_MAX_COMBINED_TEXTURE_IMAGE_UNITS 160
GL_MAX_CUBE_MAP_TEXTURE_SIZE 16384
GL_MAX_DRAW_BUFFERS 8
GL_MAX_FRAGMENT_UNIFORM_COMPONENTS 4000
GL_MAX_TEXTURE_IMAGE_UNITS 32
GL_MAX_TEXTURE_SIZE 16384
GL_MAX_VARYING_FLOATS 64
GL_MAX_VERTEX_ATTRIBS 32
GL_MAX_VERTEX_TEXTURE_IMAGE_UNITS 32
GL_MAX_VERTEX_UNIFORM_COMPONENTS 4000
GL_MAX_VIEWPORT_DIMS 16384 16384
GL_STEREO 0
-----------------------------
Starting GLFW
3.3.8 Win32 WGL EGL OSMesa VisualC
GL Context Params:
GL_MAX_COMBINED_TEXTURE_IMAGE_UNITS 160
GL_MAX_CUBE_MAP_TEXTURE_SIZE 16384
GL_MAX_DRAW_BUFFERS 8
GL_MAX_FRAGMENT_UNIFORM_COMPONENTS 4000
GL_MAX_TEXTURE_IMAGE_UNITS 32
GL_MAX_TEXTURE_SIZE 16384
GL_MAX_VARYING_FLOATS 64
GL_MAX_VERTEX_ATTRIBS 32
GL_MAX_VERTEX_TEXTURE_IMAGE_UNITS 32
GL_MAX_VERTEX_UNIFORM_COMPONENTS 4000
GL_MAX_VIEWPORT_DIMS 16384 16384
GL_STEREO 0
-----------------------------
Starting GLFW
3.3.8 Win32 WGL EGL OSMesa VisualC
GL Context Params:
GL_MAX_COMBINED_TEXTURE_IMAGE_UNITS 160
GL_MAX_CUBE_MAP_TEXTURE_SIZE 16384
GL_MAX_DRAW_BUFFERS 8
GL_MAX_FRAGMENT_UNIFORM_COMPONENTS 4000
GL_MAX_TEXTURE_IMAGE_UNITS 32
GL_MAX_TEXTURE_SIZE 16384
GL_MAX_VARYING_FLOATS 64
GL_MAX_VERTEX_ATTRIBS 32
GL_MAX_VERTEX_TEXTURE_IMAGE_UNITS 32
GL_MAX_VERTEX_UNIFORM_COMPONENTS 4000
GL_MAX_VIEWPORT_DIMS 16384 16384
GL_STEREO 0
-----------------------------
Starting GLFW
3.3.8 Win32 WGL EGL OSMesa VisualC
GL Context Params:
GL_MAX_COMBINED_TEXTURE_IMAGE_UNITS 160
GL_MAX_CUBE_MAP_TEXTURE_SIZE 16384
GL_MAX_DRAW_BUFFERS 8
GL_MAX_FRAGMENT_UNIFORM_COMPONENTS 4000
GL_MAX_TEXTURE_IMAGE_UNITS 32
GL_MAX_TEXTURE_SIZE 16384
GL_MAX_VARYING_FLOATS 64
GL_MAX_VERTEX_ATTRIBS 32
GL_MAX_VERTEX_TEXTURE_IMAGE_UNITS 32
GL_MAX_VERTEX_UNIFORM_COMPONENTS 4000
GL_MAX_VIEWPORT_DIMS 16384 16384
GL_STEREO 0
-----------------------------
